<?xml version="1.0" encoding="UTF-8"?>
<!-- Generated by org.testng.reporters.JUnitXMLReporter -->
<testsuite hostname="DESKTOP-65F1L8C" ignored="0" name="Test" tests="1" failures="0" timestamp="10 Sep 2017 23:43:29 GMT" time="24.42" errors="0">
  <testcase name="@BeforeTest beforeTest" time="24.09" classname="MavenTest.Maven.Tracko">
    <failure type="java.lang.NullPointerException">
      <![CDATA[java.lang.NullPointerException
	at MavenTest.Maven.Tracko.beforeTest(Tracko.java:29)
... Removed 23 stack frames]]>
    </failure>
  </testcase> <!-- @BeforeTest beforeTest -->
  <testcase name="@AfterTest afterTest" time="0.0" classname="MavenTest.Maven.Tracko">
    <skipped/>
  </testcase> <!-- @AfterTest afterTest -->
  <testcase name="f" time="0.001" classname="MavenTest.Maven.Tracko">
    <skipped/>
  </testcase> <!-- f -->
</testsuite> <!-- Test -->
